<?xml version="1.0" encoding="UTF-8"?>
<testng-results ignored="0" total="1" passed="1" failed="0" skipped="0">
  <reporter-output>
  </reporter-output>
  <suite started-at="2025-02-07T12:12:02 IST" name="Default suite" finished-at="2025-02-07T12:12:25 IST" duration-ms="23422">
    <groups>
    </groups>
    <test started-at="2025-02-07T12:12:02 IST" name="Default test" finished-at="2025-02-07T12:12:25 IST" duration-ms="23422">
      <class name="reportsOnly.SentimentAnalysis">
        <test-method is-config="true" signature="launchInnsight()[pri:0, instance:reportsOnly.SentimentAnalysis@22555ebf]" started-at="2025-02-07T12:12:02 IST" name="launchInnsight" finished-at="2025-02-07T12:12:04 IST" duration-ms="2302" status="PASS">
          <reporter-output>
          </reporter-output>
        </test-method> <!-- launchInnsight -->
        <test-method signature="Sentiments()[pri:0, instance:reportsOnly.SentimentAnalysis@22555ebf]" started-at="2025-02-07T12:12:04 IST" name="Sentiments" finished-at="2025-02-07T12:12:25 IST" duration-ms="20790" status="PASS">
          <reporter-output>
          </reporter-output>
        </test-method> <!-- Sentiments -->
        <test-method is-config="true" signature="Driverclose()[pri:0, instance:reportsOnly.SentimentAnalysis@22555ebf]" started-at="2025-02-07T12:12:25 IST" name="Driverclose" finished-at="2025-02-07T12:12:25 IST" duration-ms="273" status="PASS">
          <reporter-output>
          </reporter-output>
        </test-method> <!-- Driverclose -->
      </class> <!-- reportsOnly.SentimentAnalysis -->
    </test> <!-- Default test -->
  </suite> <!-- Default suite -->
</testng-results>
